FrontEnd/app/build/intermediates/manifest_merge_blame_file/debug/processDebugMainManifest/manifest-merger-blame-debug-report.txt
1<?xml version="1.0" encoding="utf-8"?>
2<manifest xmlns:android="http://schemas.android.com/apk/res/android"
3    package="com.aecpple.aecpple"
4    android:versionCode="1"
5    android:versionName="1.0" >
6
7    <uses-sdk
8        android:minSdkVersion="24"
9        android:targetSdkVersion="34" />
10
11    <uses-permission android:name="android.permission.INTERNET" />
11-->src/main/AndroidManifest.xml:5:5-66
11-->src/main/AndroidManifest.xml:5:22-64
12    <uses-permission android:name="android.permission.ACCESS_FINE_LOCATION" />
12-->src/main/AndroidManifest.xml:61:5-79
12-->src/main/AndroidManifest.xml:61:22-76
13    <uses-permission android:name="android.permission.ACCESS_COARSE_LOCATION" />
13-->src/main/AndroidManifest.xml:62:5-80
13-->src/main/AndroidManifest.xml:62:22-78
14
15    <meta-data
15-->[com.kakao.maps.open:android:2.12.8] AndroidManifest.xml:7:5-9:29
16        android:name="com.kakao.vectormap.version.code"
16-->[com.kakao.maps.open:android:2.12.8] AndroidManifest.xml:8:9-56
17        android:value="1" />
17-->[com.kakao.maps.open:android:2.12.8] AndroidManifest.xml:9:9-26
18
19    <permission
19-->[androidx.core:core:1.13.0] AndroidManifest.xml:22:5-24:47
20        android:name="com.aecpple.aecpple.DYNAMIC_RECEIVER_NOT_EXPORTED_PERMISSION"
20-->[androidx.core:core:1.13.0] AndroidManifest.xml:23:9-81
21        android:protectionLevel="signature" />
21-->[androidx.core:core:1.13.0] AndroidManifest.xml:24:9-44
22
23    <uses-permission android:name="com.aecpple.aecpple.DYNAMIC_RECEIVER_NOT_EXPORTED_PERMISSION" />
23-->[androidx.core:core:1.13.0] AndroidManifest.xml:26:5-97
23-->[androidx.core:core:1.13.0] AndroidManifest.xml:26:22-94
24
25    <application
25-->src/main/AndroidManifest.xml:7:5-59:19
26        android:allowBackup="true"
26-->src/main/AndroidManifest.xml:8:9-35
27        android:appComponentFactory="androidx.core.app.CoreComponentFactory"
27-->[androidx.core:core:1.13.0] AndroidManifest.xml:28:18-86
28        android:dataExtractionRules="@xml/data_extraction_rules"
28-->src/main/AndroidManifest.xml:9:9-65
29        android:debuggable="true"
30        android:extractNativeLibs="false"
31        android:foregroundServiceType="location"
31-->src/main/AndroidManifest.xml:17:9-49
32        android:fullBackupContent="@xml/backup_rules"
32-->src/main/AndroidManifest.xml:10:9-54
33        android:icon="@mipmap/fitforyou"
33-->src/main/AndroidManifest.xml:11:9-41
34        android:label="@string/app_name"
34-->src/main/AndroidManifest.xml:12:9-41
35        android:roundIcon="@mipmap/ic_launcher_round"
35-->src/main/AndroidManifest.xml:13:9-54
36        android:supportsRtl="true"
36-->src/main/AndroidManifest.xml:14:9-35
37        android:testOnly="true"
38        android:theme="@style/Theme.Aecpple"
38-->src/main/AndroidManifest.xml:15:9-45
39        android:usesCleartextTraffic="true" >
39-->src/main/AndroidManifest.xml:16:9-44
40
41        <!-- 9DfuQznwaKGVO1rvxabUusCbYsI -->
42        <activity
42-->src/main/AndroidManifest.xml:21:9-23:40
43            android:name="com.aecpple.aecpple.FindPWActivity"
43-->src/main/AndroidManifest.xml:22:13-43
44            android:exported="false" />
44-->src/main/AndroidManifest.xml:23:13-37
45        <activity
45-->src/main/AndroidManifest.xml:24:9-26:40
46            android:name="com.aecpple.aecpple.FindIDActivity"
46-->src/main/AndroidManifest.xml:25:13-43
47            android:exported="false" />
47-->src/main/AndroidManifest.xml:26:13-37
48        <activity
48-->src/main/AndroidManifest.xml:27:9-29:40
49            android:name="com.aecpple.aecpple.FoundAccountActivity"
49-->src/main/AndroidManifest.xml:28:13-49
50            android:exported="false" />
50-->src/main/AndroidManifest.xml:29:13-37
51        <activity
51-->src/main/AndroidManifest.xml:30:9-32:40
52            android:name="com.aecpple.aecpple.ChangeAccountActivity"
52-->src/main/AndroidManifest.xml:31:13-50
53            android:exported="false" />
53-->src/main/AndroidManifest.xml:32:13-37
54        <activity
54-->src/main/AndroidManifest.xml:33:9-35:40
55            android:name="com.aecpple.aecpple.MyAccountActivity"
55-->src/main/AndroidManifest.xml:34:13-46
56            android:exported="false" />
56-->src/main/AndroidManifest.xml:35:13-37
57        <activity
57-->src/main/AndroidManifest.xml:36:9-38:40
58            android:name="com.aecpple.aecpple.RegisterActivity"
58-->src/main/AndroidManifest.xml:37:13-45
59            android:exported="false" />
59-->src/main/AndroidManifest.xml:38:13-37
60        <activity
60-->src/main/AndroidManifest.xml:39:9-42:20
61            android:name="com.aecpple.aecpple.FitnessInFo"
61-->src/main/AndroidManifest.xml:40:13-40
62            android:exported="false" >
62-->src/main/AndroidManifest.xml:41:13-37
63        </activity>
64        <activity
64-->src/main/AndroidManifest.xml:43:9-51:20
65            android:name="com.aecpple.aecpple.MainActivity"
65-->src/main/AndroidManifest.xml:44:13-41
66            android:exported="true" >
66-->src/main/AndroidManifest.xml:45:13-36
67            <intent-filter>
67-->src/main/AndroidManifest.xml:46:13-50:29
68                <action android:name="android.intent.action.MAIN" />
68-->src/main/AndroidManifest.xml:47:17-69
68-->src/main/AndroidManifest.xml:47:25-66
69
70                <category android:name="android.intent.category.LAUNCHER" />
70-->src/main/AndroidManifest.xml:49:17-77
70-->src/main/AndroidManifest.xml:49:27-74
71            </intent-filter>
72        </activity>
73        <activity
73-->src/main/AndroidManifest.xml:52:9-55:20
74            android:name="com.aecpple.aecpple.FitnessInFoList"
74-->src/main/AndroidManifest.xml:53:13-44
75            android:exported="false" >
75-->src/main/AndroidManifest.xml:54:13-37
76        </activity>
77
78        <meta-data
78-->src/main/AndroidManifest.xml:58:9-101
79            android:name="com.kakao.sdk.AppKey"
79-->src/main/AndroidManifest.xml:58:20-55
80            android:value="9DfuQznwaKGVO1rvxabUusCbYsI" />
80-->src/main/AndroidManifest.xml:58:56-99
81
82        <activity
82-->[com.google.android.gms:play-services-base:17.5.0] AndroidManifest.xml:23:9-26:75
83            android:name="com.google.android.gms.common.api.GoogleApiActivity"
83-->[com.google.android.gms:play-services-base:17.5.0] AndroidManifest.xml:24:13-79
84            android:exported="false"
84-->[com.google.android.gms:play-services-base:17.5.0] AndroidManifest.xml:25:13-37
85            android:theme="@android:style/Theme.Translucent.NoTitleBar" />
85-->[com.google.android.gms:play-services-base:17.5.0] AndroidManifest.xml:26:13-72
86
87        <meta-data
87-->[com.google.android.gms:play-services-basement:17.5.0] AndroidManifest.xml:23:9-25:69
88            android:name="com.google.android.gms.version"
88-->[com.google.android.gms:play-services-basement:17.5.0] AndroidManifest.xml:24:13-58
89            android:value="@integer/google_play_services_version" />
89-->[com.google.android.gms:play-services-basement:17.5.0] AndroidManifest.xml:25:13-66
90
91        <provider
91-->[androidx.emoji2:emoji2:1.3.0] AndroidManifest.xml:24:9-32:20
92            android:name="androidx.startup.InitializationProvider"
92-->[androidx.emoji2:emoji2:1.3.0] AndroidManifest.xml:25:13-67
93            android:authorities="com.aecpple.aecpple.androidx-startup"
93-->[androidx.emoji2:emoji2:1.3.0] AndroidManifest.xml:26:13-68
94            android:exported="false" >
94-->[androidx.emoji2:emoji2:1.3.0] AndroidManifest.xml:27:13-37
95            <meta-data
95-->[androidx.emoji2:emoji2:1.3.0] AndroidManifest.xml:29:13-31:52
96                android:name="androidx.emoji2.text.EmojiCompatInitializer"
96-->[androidx.emoji2:emoji2:1.3.0] AndroidManifest.xml:30:17-75
97                android:value="androidx.startup" />
97-->[androidx.emoji2:emoji2:1.3.0] AndroidManifest.xml:31:17-49
98            <meta-data
98-->[androidx.lifecycle:lifecycle-process:2.6.2] AndroidManifest.xml:29:13-31:52
99                android:name="androidx.lifecycle.ProcessLifecycleInitializer"
99-->[androidx.lifecycle:lifecycle-process:2.6.2] AndroidManifest.xml:30:17-78
100                android:value="androidx.startup" />
100-->[androidx.lifecycle:lifecycle-process:2.6.2] AndroidManifest.xml:31:17-49
101            <meta-data
101-->[androidx.profileinstaller:profileinstaller:1.4.0] AndroidManifest.xml:29:13-31:52
102                android:name="androidx.profileinstaller.ProfileInstallerInitializer"
102-->[androidx.profileinstaller:profileinstaller:1.4.0] AndroidManifest.xml:30:17-85
103                android:value="androidx.startup" />
103-->[androidx.profileinstaller:profileinstaller:1.4.0] AndroidManifest.xml:31:17-49
104        </provider>
105
106        <receiver
106-->[androidx.profileinstaller:profileinstaller:1.4.0] AndroidManifest.xml:34:9-52:20
107            android:name="androidx.profileinstaller.ProfileInstallReceiver"
107-->[androidx.profileinstaller:profileinstaller:1.4.0] AndroidManifest.xml:35:13-76
108            android:directBootAware="false"
108-->[androidx.profileinstaller:profileinstaller:1.4.0] AndroidManifest.xml:36:13-44
109            android:enabled="true"
109-->[androidx.profileinstaller:profileinstaller:1.4.0] AndroidManifest.xml:37:13-35
110            android:exported="true"
110-->[androidx.profileinstaller:profileinstaller:1.4.0] AndroidManifest.xml:38:13-36
111            android:permission="android.permission.DUMP" >
111-->[androidx.profileinstaller:profileinstaller:1.4.0] AndroidManifest.xml:39:13-57
112            <intent-filter>
112-->[androidx.profileinstaller:profileinstaller:1.4.0] AndroidManifest.xml:40:13-42:29
113                <action android:name="androidx.profileinstaller.action.INSTALL_PROFILE" />
113-->[androidx.profileinstaller:profileinstaller:1.4.0] AndroidManifest.xml:41:17-91
113-->[androidx.profileinstaller:profileinstaller:1.4.0] AndroidManifest.xml:41:25-88
114            </intent-filter>
115            <intent-filter>
115-->[androidx.profileinstaller:profileinstaller:1.4.0] AndroidManifest.xml:43:13-45:29
116                <action android:name="androidx.profileinstaller.action.SKIP_FILE" />
116-->[androidx.profileinstaller:profileinstaller:1.4.0] AndroidManifest.xml:44:17-85
116-->[androidx.profileinstaller:profileinstaller:1.4.0] AndroidManifest.xml:44:25-82
117            </intent-filter>
118            <intent-filter>
118-->[androidx.profileinstaller:profileinstaller:1.4.0] AndroidManifest.xml:46:13-48:29
119                <action android:name="androidx.profileinstaller.action.SAVE_PROFILE" />
119-->[androidx.profileinstaller:profileinstaller:1.4.0] AndroidManifest.xml:47:17-88
119-->[androidx.profileinstaller:profileinstaller:1.4.0] AndroidManifest.xml:47:25-85
120            </intent-filter>
121            <intent-filter>
121-->[androidx.profileinstaller:profileinstaller:1.4.0] AndroidManifest.xml:49:13-51:29
122                <action android:name="androidx.profileinstaller.action.BENCHMARK_OPERATION" />
122-->[androidx.profileinstaller:profileinstaller:1.4.0] AndroidManifest.xml:50:17-95
122-->[androidx.profileinstaller:profileinstaller:1.4.0] AndroidManifest.xml:50:25-92
123            </intent-filter>
124        </receiver>
125    </application>
126
127</manifest>